[14:26:16] [main/INFO]: Setting user: Player687
[14:26:16] [Client thread/INFO]: LWJGL Version: 2.9.1
[14:26:19] [Client thread/INFO]: Reloading ResourceManager: Default, FMLFileResourcePack:Forge Mod Loader, FMLFileResourcePack:Minecraft Forge, FMLFileResourcePack:Nova Nine Exclusives
[14:26:20] [Client thread/INFO]: Created: 16x16 textures/blocks-atlas
[14:26:20] [Client thread/INFO]: Created: 16x16 textures/items-atlas
[14:26:20] [Client thread/INFO]: Reloading ResourceManager: Default, FMLFileResourcePack:Forge Mod Loader, FMLFileResourcePack:Minecraft Forge, FMLFileResourcePack:Nova Nine Exclusives
[14:26:20] [Sound Library Loader/INFO]: Sound engine started
[14:26:20] [Client thread/INFO]: Created: 512x256 textures/blocks-atlas
[14:26:20] [Client thread/INFO]: Created: 256x256 textures/items-atlas
[14:26:21] [Sound Library Loader/INFO]: Sound engine started
[14:26:26] [Server thread/INFO]: Starting integrated minecraft server version 1.7.10
[14:26:26] [Server thread/INFO]: Generating keypair
[14:26:26] [Server thread/INFO]: Preparing start region for level 0
[14:26:26] [Server thread/INFO]: Changing view distance to 8, from 10
[14:26:27] [Server thread/INFO]: Player687[local:E:fedfe185] logged in with entity id 385 at (78.85871514276435, 73.0, 297.21997561957767)
[14:26:27] [Server thread/INFO]: Player687 joined the game
[14:27:00] [Client thread/INFO]: [CHAT] Saved screenshot as 2024-03-22_14.27.00.png
[14:27:06] [Client thread/INFO]: Stopping!
[14:27:06] [Server thread/INFO]: Stopping server
[14:27:06] [Server thread/INFO]: Saving players
[14:27:06] [Server thread/INFO]: Saving worlds
[14:27:06] [Server thread/INFO]: Saving chunks for level 'Testing'/Overworld
[14:27:06] [Server thread/INFO]: Saving chunks for level 'Testing'/Nether
[14:27:06] [Server thread/INFO]: Saving chunks for level 'Testing'/The End
